Reading from file: ../../data/t2.hex
TLVs read, dumping...

TLV #1
 Tag (class: C, kind: C, id: 37) [bf25]
 Length: 543 [82021f]
 Value: (7 TLVs)
    TLV #1
     Tag (class: A, kind: P, id: 26) [5a]
     Length: 10 [0a]
     Value: [98331092024904000503]
    TLV #2
     Tag (class: C, kind: P, id: 17) [91]
     Length: 6 [06]
     Value: [4f72616e6765]
    TLV #3
     Tag (class: C, kind: P, id: 18) [92]
     Length: 9 [09]
     Value: [4241505f4553763232]
    TLV #4
     Tag (class: C, kind: P, id: 19) [93]
     Length: 1 [01]
     Value: [01]
    TLV #5
     Tag (class: C, kind: P, id: 20) [94]
     Length: 368 [820170]
     Value: [89504e470d0a1a0a0000000d4948445200000030000000300802000000d8606ed00000000467414d410000b18f0bfc6105000000097048597300000ec200000ec20115284a800000001874455874536f667477617265007061696e742e6e657420342e302e3565853265000000ee494441545847cd90d10a83301004fd5a1ffaff8fa5f6e8c9b94c123005d9c0d066362b2e6ec76b2de876e876e876e876e876e876e876e876e876e876e876e876e876e876e876e876e876e876e876e876e876e876e876e876e876e876e876e876e876e876b6635f8bdf5f33d3c3e7bdd2a05813bf6b0f8a2849ad240f9a548e8ee6dd5b0d3529ae415aaa1e12d56414b68f27ddbcfac1390817a5c89551672ad773323d2893a2eddccc95ea04738354ebace11f39587b9092d77a2e55469d6e39e8e6f56c700e42afaebbaa8c3aad6a9e674d8a6bd0d3745fdff2e020fd0637d704cf7ea1da343d6825e866f6ed0b081bf7347c9716ee0000000049454e44ae426082]
    TLV #6
     Tag (class: C, kind: C, id: 22) [b6]
     Length: 116 [74]
     Value: (4 TLVs)
        TLV #1
         Tag (class: U, kind: C, id: 16) [30]
         Length: 27 [1b]
         Value: (2 TLVs)
            TLV #1
             Tag (class: C, kind: P, id: 0) [80]
             Length: 2 [02]
             Value: [0410]
            TLV #2
             Tag (class: C, kind: P, id: 1) [81]
             Length: 21 [15]
             Value: [7273702d303030352e6f626572746875722e6e6574]
        TLV #2
         Tag (class: U, kind: C, id: 16) [30]
         Length: 27 [1b]
         Value: (2 TLVs)
            TLV #1
             Tag (class: C, kind: P, id: 0) [80]
             Length: 2 [02]
             Value: [0780]
            TLV #2
             Tag (class: C, kind: P, id: 1) [81]
             Length: 21 [15]
             Value: [7273702d303030352e6f626572746875722e6e6574]
        TLV #3
         Tag (class: U, kind: C, id: 16) [30]
         Length: 27 [1b]
         Value: (2 TLVs)
            TLV #1
             Tag (class: C, kind: P, id: 0) [80]
             Length: 2 [02]
             Value: [0640]
            TLV #2
             Tag (class: C, kind: P, id: 1) [81]
             Length: 21 [15]
             Value: [7273702d303030352e6f626572746875722e6e6574]
        TLV #4
         Tag (class: U, kind: C, id: 16) [30]
         Length: 27 [1b]
         Value: (2 TLVs)
            TLV #1
             Tag (class: C, kind: P, id: 0) [80]
             Length: 2 [02]
             Value: [0520]
            TLV #2
             Tag (class: C, kind: P, id: 1) [81]
             Length: 21 [15]
             Value: [7273702d303030352e6f626572746875722e6e6574]
    TLV #7
     Tag (class: C, kind: C, id: 23) [b7]
     Length: 17 [11]
     Value: (3 TLVs)
        TLV #1
         Tag (class: C, kind: P, id: 0) [80]
         Length: 3 [03]
         Value: [02f810]
        TLV #2
         Tag (class: C, kind: P, id: 1) [81]
         Length: 4 [04]
         Value: [ffffffff]
        TLV #3
         Tag (class: C, kind: P, id: 2) [82]
         Length: 4 [04]
         Value: [ffffffff]
